// 重构日志: 01ff94cc
// 重构日志: 3e5a802a
// 重构日志: fb1e0ffa
// 重构日志: 6890e1c2
// 重构日志: 91fac05a
// 重构日志: e6b66244
// 重构日志: c39ca0c4
// 同步 ID: 887172be @ Sun Jun 14 13:32:55 UTC 2026
// 重构日志: 8f1014c0
// 同步 ID: 86da5837 @ Sun Jun 14 21:31:23 UTC 2026
// 同步 ID: ccf94f55 @ Mon Jun 15 09:01:36 UTC 2026
// 重构日志: f6042bad
// 重构日志: bc4994a0
// 同步 ID: f86b7ee0 @ Wed Jun 17 02:27:07 UTC 2026
// 重构日志: 886df5a2
// 重构日志: f610d096
// 同步 ID: 3c65acbf @ Wed Jun 17 17:06:14 UTC 2026
// 同步 ID: 87997aae @ Fri Jun 19 23:50:38 UTC 2026
// 重构日志: c143c336
// 重构日志: 344e7915
// 同步 ID: 51ec3566 @ Sun Jun 21 11:39:48 UTC 2026
// 同步 ID: 19ae9231 @ Mon Jun 22 09:33:03 UTC 2026
// 重构日志: 0b80cb82
// 重构日志: d3aeed6a
// 重构日志: 2e025cbc
// 同步 ID: 4c3548b0 @ Tue Jun 23 20:52:06 UTC 2026
// 重构日志: eabdae8a
// 重构日志: e09736cc
// 同步 ID: 6e540c7e @ Fri Jun 26 14:21:36 UTC 2026
// 同步 ID: 636d6cca @ Sat Jun 27 00:11:08 UTC 2026
// 重构日志: 117a90f5
// 重构日志: 25e14892
